<?xml version="1.0" encoding="UTF-8"?>
<testng-results ignored="0" total="10" passed="9" failed="1" skipped="0">
  <reporter-output>
  </reporter-output>
  <suite started-at="2024-03-30T22:47:58 IST" name="Suite" finished-at="2024-03-30T22:52:22 IST" duration-ms="264015">
    <groups>
      <group name="cucumber">
        <method signature="AbstractTestNGCucumberTests.runScenario(io.cucumber.testng.PickleWrapper,io.cucumber.testng.FeatureWrapper)[pri:0, instance:com.allkeywords.base.TestRunner@54504ecd]" name="runScenario" class="io.cucumber.testng.AbstractTestNGCucumberTests"/>
      </group> <!-- cucumber -->
    </groups>
    <test started-at="2024-03-30T22:47:58 IST" name="Test" finished-at="2024-03-30T22:52:22 IST" duration-ms="264015">
      <class name="com.allkeywords.base.TestRunner">
        <test-method is-config="true" signature="setUpClass(org.testng.ITestContext)[pri:0, instance:com.allkeywords.base.TestRunner@54504ecd]" started-at="2024-03-30T22:47:58 IST" name="setUpClass" finished-at="2024-03-30T22:47:58 IST" duration-ms="301" status="PASS">
          <params>
            <param index="0">
              <value>
                <![CDATA[org.testng.TestRunner@5635bcd2]]>
              </value>
            </param>
          </params>
          <reporter-output>
          </reporter-output>
        </test-method> <!-- setUpClass -->
        <test-method signature="runScenario(io.cucumber.testng.PickleWrapper,io.cucumber.testng.FeatureWrapper)[pri:0, instance:com.allkeywords.base.TestRunner@54504ecd]" started-at="2024-03-30T22:47:58 IST" name="runScenario" description="Runs Cucumber Scenarios" data-provider="scenarios" finished-at="2024-03-30T22:48:37 IST" duration-ms="38819" status="PASS">
          <params>
            <param index="0">
              <value>
                <![CDATA["Verifying practicesite"]]>
              </value>
            </param>
            <param index="1">
              <value>
                <![CDATA["Checking PracticeSite Page"]]>
              </value>
            </param>
          </params>
          <reporter-output>
          </reporter-output>
        </test-method> <!-- runScenario -->
        <test-method signature="runScenario(io.cucumber.testng.PickleWrapper,io.cucumber.testng.FeatureWrapper)[pri:0, instance:com.allkeywords.base.TestRunner@54504ecd]" started-at="2024-03-30T22:48:37 IST" name="runScenario" description="Runs Cucumber Scenarios" data-provider="scenarios" finished-at="2024-03-30T22:49:09 IST" duration-ms="31846" status="PASS">
          <params>
            <param index="0">
              <value>
                <![CDATA["Verifying last name is required for the registration or not"]]>
              </value>
            </param>
            <param index="1">
              <value>
                <![CDATA["Checking Registration Page"]]>
              </value>
            </param>
          </params>
          <reporter-output>
          </reporter-output>
        </test-method> <!-- runScenario -->
        <test-method signature="runScenario(io.cucumber.testng.PickleWrapper,io.cucumber.testng.FeatureWrapper)[pri:0, instance:com.allkeywords.base.TestRunner@54504ecd]" started-at="2024-03-30T22:49:09 IST" name="runScenario" description="Runs Cucumber Scenarios" data-provider="scenarios" finished-at="2024-03-30T22:49:39 IST" duration-ms="30333" status="PASS">
          <params>
            <param index="0">
              <value>
                <![CDATA["Verifying first name is required for the registration or not"]]>
              </value>
            </param>
            <param index="1">
              <value>
                <![CDATA["Checking Registration Page"]]>
              </value>
            </param>
          </params>
          <reporter-output>
          </reporter-output>
        </test-method> <!-- runScenario -->
        <test-method signature="runScenario(io.cucumber.testng.PickleWrapper,io.cucumber.testng.FeatureWrapper)[pri:0, instance:com.allkeywords.base.TestRunner@54504ecd]" started-at="2024-03-30T22:49:39 IST" name="runScenario" description="Runs Cucumber Scenarios" data-provider="scenarios" finished-at="2024-03-30T22:50:10 IST" duration-ms="31067" status="PASS">
          <params>
            <param index="0">
              <value>
                <![CDATA["Verifying email id is required for the registration or not"]]>
              </value>
            </param>
            <param index="1">
              <value>
                <![CDATA["Checking Registration Page"]]>
              </value>
            </param>
          </params>
          <reporter-output>
          </reporter-output>
        </test-method> <!-- runScenario -->
        <test-method signature="runScenario(io.cucumber.testng.PickleWrapper,io.cucumber.testng.FeatureWrapper)[pri:0, instance:com.allkeywords.base.TestRunner@54504ecd]" started-at="2024-03-30T22:50:10 IST" name="runScenario" description="Runs Cucumber Scenarios" data-provider="scenarios" finished-at="2024-03-30T22:50:42 IST" duration-ms="31354" status="PASS">
          <params>
            <param index="0">
              <value>
                <![CDATA["Verifying email follows the required format"]]>
              </value>
            </param>
            <param index="1">
              <value>
                <![CDATA["Checking Registration Page"]]>
              </value>
            </param>
          </params>
          <reporter-output>
          </reporter-output>
        </test-method> <!-- runScenario -->
        <test-method signature="runScenario(io.cucumber.testng.PickleWrapper,io.cucumber.testng.FeatureWrapper)[pri:0, instance:com.allkeywords.base.TestRunner@54504ecd]" started-at="2024-03-30T22:50:42 IST" name="runScenario" description="Runs Cucumber Scenarios" data-provider="scenarios" finished-at="2024-03-30T22:51:13 IST" duration-ms="31570" status="PASS">
          <params>
            <param index="0">
              <value>
                <![CDATA["Verifying phone number is required for the registration or not"]]>
              </value>
            </param>
            <param index="1">
              <value>
                <![CDATA["Checking Registration Page"]]>
              </value>
            </param>
          </params>
          <reporter-output>
          </reporter-output>
        </test-method> <!-- runScenario -->
        <test-method signature="runScenario(io.cucumber.testng.PickleWrapper,io.cucumber.testng.FeatureWrapper)[pri:0, instance:com.allkeywords.base.TestRunner@54504ecd]" started-at="2024-03-30T22:51:13 IST" name="runScenario" description="Runs Cucumber Scenarios" data-provider="scenarios" finished-at="2024-03-30T22:51:45 IST" duration-ms="31385" status="PASS">
          <params>
            <param index="0">
              <value>
                <![CDATA["Verifying phone number accept character for the registration or not"]]>
              </value>
            </param>
            <param index="1">
              <value>
                <![CDATA["Checking Registration Page"]]>
              </value>
            </param>
          </params>
          <reporter-output>
          </reporter-output>
        </test-method> <!-- runScenario -->
        <test-method signature="runScenario(io.cucumber.testng.PickleWrapper,io.cucumber.testng.FeatureWrapper)[pri:0, instance:com.allkeywords.base.TestRunner@54504ecd]" started-at="2024-03-30T22:51:45 IST" name="runScenario" description="Runs Cucumber Scenarios" data-provider="scenarios" finished-at="2024-03-30T22:51:56 IST" duration-ms="11636" status="PASS">
          <params>
            <param index="0">
              <value>
                <![CDATA["Verifying phone number follows the format for the registration or not"]]>
              </value>
            </param>
            <param index="1">
              <value>
                <![CDATA["Checking Registration Page"]]>
              </value>
            </param>
          </params>
          <reporter-output>
          </reporter-output>
        </test-method> <!-- runScenario -->
        <test-method signature="runScenario(io.cucumber.testng.PickleWrapper,io.cucumber.testng.FeatureWrapper)[pri:0, instance:com.allkeywords.base.TestRunner@54504ecd]" started-at="2024-03-30T22:51:56 IST" name="runScenario" description="Runs Cucumber Scenarios" data-provider="scenarios" finished-at="2024-03-30T22:52:08 IST" duration-ms="11818" status="PASS">
          <params>
            <param index="0">
              <value>
                <![CDATA["Verifying selection of gender is required for the registration or not"]]>
              </value>
            </param>
            <param index="1">
              <value>
                <![CDATA["Checking Registration Page"]]>
              </value>
            </param>
          </params>
          <reporter-output>
          </reporter-output>
        </test-method> <!-- runScenario -->
        <test-method signature="runScenario(io.cucumber.testng.PickleWrapper,io.cucumber.testng.FeatureWrapper)[pri:0, instance:com.allkeywords.base.TestRunner@54504ecd]" started-at="2024-03-30T22:52:08 IST" name="runScenario" description="Runs Cucumber Scenarios" data-provider="scenarios" finished-at="2024-03-30T22:52:22 IST" duration-ms="13709" status="FAIL">
          <params>
            <param index="0">
              <value>
                <![CDATA["Verifying selection of country is required for the registration or not"]]>
              </value>
            </param>
            <param index="1">
              <value>
                <![CDATA["Checking Registration Page"]]>
              </value>
            </param>
          </params>
          <exception class="java.lang.AssertionError">
            <message>
              <![CDATA[expected [true] but found [Invalid Input]]]>
            </message>
            <full-stacktrace>
              <![CDATA[java.lang.AssertionError: expected [true] but found [Invalid Input]
at org.testng.Assert.fail(Assert.java:111)
at org.testng.Assert.failNotEquals(Assert.java:1578)
at org.testng.Assert.assertEqualsImpl(Assert.java:150)
at org.testng.Assert.assertEquals(Assert.java:132)
at org.testng.Assert.assertEquals(Assert.java:656)
at org.testng.Assert.assertEquals(Assert.java:666)
at com.allkeywords.stepsdefinition.RegistrationSteps.checkingSelectionofCountryErrMsg(RegistrationSteps.java:185)
at âœ½.User should get error message about country selection(file:///D:/java%20project%20eclp/DemoProject/src/test/resources/FeatureFiles/Registration.feature:48)
]]>
            </full-stacktrace>
          </exception> <!-- java.lang.AssertionError -->
          <reporter-output>
          </reporter-output>
        </test-method> <!-- runScenario -->
        <test-method is-config="true" signature="tearDownClass()[pri:0, instance:com.allkeywords.base.TestRunner@54504ecd]" started-at="2024-03-30T22:52:22 IST" name="tearDownClass" finished-at="2024-03-30T22:52:22 IST" duration-ms="3" status="PASS">
          <reporter-output>
          </reporter-output>
        </test-method> <!-- tearDownClass -->
      </class> <!-- com.allkeywords.base.TestRunner -->
    </test> <!-- Test -->
  </suite> <!-- Suite -->
</testng-results>
