<?xml version="1.0" encoding="UTF-8"?>
<testsuite xmlns:xsi="http://www.w3.org/2001/XMLSchema-instance" xsi:noNamespaceSchemaLocation="https://maven.apache.org/surefire/maven-surefire-plugin/xsd/surefire-test-report-3.0.xsd" version="3.0" name="TestSuite" time="265.039" tests="10" errors="0" skipped="0" failures="1">
  <properties>
[...]
</properties>
  <testcase name="runScenario[&quot;Verifying practicesite&quot;, &quot;Checking PracticeSite Page&quot;](1)" classname="com.allkeywords.base.TestRunner" time="38.906">
    <system-err><![CDATA[SLF4J: Failed to load class "org.slf4j.impl.StaticLoggerBinder".
SLF4J: Defaulting to no-operation (NOP) logger implementation
SLF4J: See http://www.slf4j.org/codes.html#StaticLoggerBinder for further details.
]]></system-err>
  </testcase>
  <testcase name="runScenario[&quot;Verifying last name is required for the registration or not&quot;, &quot;Checking Registration Page&quot;](2)" classname="com.allkeywords.base.TestRunner" time="31.845"/>
  <testcase name="runScenario[&quot;Verifying first name is required for the registration or not&quot;, &quot;Checking Registration Page&quot;](3)" classname="com.allkeywords.base.TestRunner" time="30.333"/>
  <testcase name="runScenario[&quot;Verifying email id is required for the registration or not&quot;, &quot;Checking Registration Page&quot;](4)" classname="com.allkeywords.base.TestRunner" time="31.069"/>
  <testcase name="runScenario[&quot;Verifying email follows the required format&quot;, &quot;Checking Registration Page&quot;](5)" classname="com.allkeywords.base.TestRunner" time="31.355"/>
  <testcase name="runScenario[&quot;Verifying phone number is required for the registration or not&quot;, &quot;Checking Registration Page&quot;](6)" classname="com.allkeywords.base.TestRunner" time="31.572"/>
  <testcase name="runScenario[&quot;Verifying phone number accept character for the registration or not&quot;, &quot;Checking Registration Page&quot;](7)" classname="com.allkeywords.base.TestRunner" time="31.384"/>
  <testcase name="runScenario[&quot;Verifying phone number follows the format for the registration or not&quot;, &quot;Checking Registration Page&quot;](8)" classname="com.allkeywords.base.TestRunner" time="11.639"/>
  <testcase name="runScenario[&quot;Verifying selection of gender is required for the registration or not&quot;, &quot;Checking Registration Page&quot;](9)" classname="com.allkeywords.base.TestRunner" time="11.818"/>
  <testcase name="runScenario[&quot;Verifying selection of country is required for the registration or not&quot;, &quot;Checking Registration Page&quot;](10)" classname="com.allkeywords.base.TestRunner" time="13.709">
    <failure message="expected [true] but found [Invalid Input]" type="java.lang.AssertionError"><![CDATA[java.lang.AssertionError: expected [true] but found [Invalid Input]
	at org.testng.Assert.fail(Assert.java:111)
	at org.testng.Assert.failNotEquals(Assert.java:1578)
	at org.testng.Assert.assertEqualsImpl(Assert.java:150)
	at org.testng.Assert.assertEquals(Assert.java:132)
	at org.testng.Assert.assertEquals(Assert.java:656)
	at org.testng.Assert.assertEquals(Assert.java:666)
	at com.allkeywords.stepsdefinition.RegistrationSteps.checkingSelectionofCountryErrMsg(RegistrationSteps.java:185)
	at ✽.User should get error message about country selection(file:///D:/java%20project%20eclp/DemoProject/src/test/resources/FeatureFiles/Registration.feature:48)
]]></failure>
  </testcase>
</testsuite>