<?xml version="1.0" encoding="UTF-8"?>
<!-- Generated by org.testng.reporters.JUnitReportReporter -->
<testsuite hostname="SankalpaM" failures="1" tests="10" name="com.allkeywords.base.TestRunner" time="263.537" errors="0" timestamp="2024-03-30T22:52:22 IST" skipped="0">
  <testcase classname="com.allkeywords.base.TestRunner" name="runScenario" time="31.354"/>
  <testcase classname="com.allkeywords.base.TestRunner" name="runScenario" time="38.819"/>
  <testcase classname="com.allkeywords.base.TestRunner" name="runScenario" time="11.818"/>
  <testcase classname="com.allkeywords.base.TestRunner" name="runScenario" time="13.709">
    <failure message="expected [true] but found [Invalid Input]" type="java.lang.AssertionError">
      <![CDATA[java.lang.AssertionError: expected [true] but found [Invalid Input]
at org.testng.Assert.fail(Assert.java:111)
at org.testng.Assert.failNotEquals(Assert.java:1578)
at org.testng.Assert.assertEqualsImpl(Assert.java:150)
at org.testng.Assert.assertEquals(Assert.java:132)
at org.testng.Assert.assertEquals(Assert.java:656)
at org.testng.Assert.assertEquals(Assert.java:666)
at com.allkeywords.stepsdefinition.RegistrationSteps.checkingSelectionofCountryErrMsg(RegistrationSteps.java:185)
at ✽.User should get error message about country selection(file:///D:/java%20project%20eclp/DemoProject/src/test/resources/FeatureFiles/Registration.feature:48)
]]>
    </failure>
  </testcase> <!-- runScenario -->
  <testcase classname="com.allkeywords.base.TestRunner" name="runScenario" time="11.636"/>
  <testcase classname="com.allkeywords.base.TestRunner" name="runScenario" time="31.846"/>
  <testcase classname="com.allkeywords.base.TestRunner" name="runScenario" time="30.333"/>
  <testcase classname="com.allkeywords.base.TestRunner" name="runScenario" time="31.067"/>
  <testcase classname="com.allkeywords.base.TestRunner" name="runScenario" time="31.385"/>
  <testcase classname="com.allkeywords.base.TestRunner" name="runScenario" time="31.570"/>
</testsuite> <!-- com.allkeywords.base.TestRunner -->
